Log file opened on Tue Jan 25 15:01:01 2022
Host: DESKTOP-12SE80T  pid: 289  rank ID: 0  number of ranks:  1
                      :-) GROMACS - gmx mdrun, 2018.1 (-:

                            GROMACS is written by:
     Emile Apol      Rossen Apostolov      Paul Bauer     Herman J.C. Berendsen
    Par Bjelkmar    Aldert van Buuren   Rudi van Drunen     Anton Feenstra  
  Gerrit Groenhof    Aleksei Iupinov   Christoph Junghans   Anca Hamuraru   
 Vincent Hindriksen Dimitrios Karkoulis    Peter Kasson        Jiri Kraus    
  Carsten Kutzner      Per Larsson      Justin A. Lemkul    Viveca Lindahl  
  Magnus Lundborg   Pieter Meulenhoff    Erik Marklund      Teemu Murtola   
    Szilard Pall       Sander Pronk      Roland Schulz     Alexey Shvetsov  
   Michael Shirts     Alfons Sijbers     Peter Tieleman    Teemu Virolainen 
 Christian Wennberg    Maarten Wolf   
                           and the project leaders:
        Mark Abraham, Berk Hess, Erik Lindahl, and David van der Spoel

Copyright (c) 1991-2000, University of Groningen, The Netherlands.
Copyright (c) 2001-2017, The GROMACS development team at
Uppsala University, Stockholm University and
the Royal Institute of Technology, Sweden.
check out http://www.gromacs.org for more information.

GROMACS is free software; you can redistribute it and/or modify it
under the terms of the GNU Lesser General Public License
as published by the Free Software Foundation; either version 2.1
of the License, or (at your option) any later version.

GROMACS:      gmx mdrun, version 2018.1
Executable:   /usr/bin/gmx
Data prefix:  /usr
Working dir:  /home/inukai
Command line:
  gmx mdrun -deffnm 60lla_md1

GROMACS version:    2018.1
Precision:          single
Memory model:       64 bit
MPI library:        thread_mpi
OpenMP support:     enabled (GMX_OPENMP_MAX_THREADS = 64)
GPU support:        disabled
SIMD instructions:  SSE2
FFT library:        fftw-3.3.7-sse2-avx
RDTSCP usage:       disabled
TNG support:        enabled
Hwloc support:      hwloc-1.11.6
Tracing support:    disabled
Built on:           2018-03-31 17:12:46
Built by:           buildd@debian [CMAKE]
Build OS/arch:      Linux x86_64
Build CPU vendor:   Intel
Build CPU brand:    Westmere E56xx/L56xx/X56xx (Nehalem-C)
Build CPU family:   6   Model: 44   Stepping: 1
Build CPU features: aes apic clfsh cmov cx8 cx16 intel lahf mmx msr pcid pclmuldq pdpe1gb popcnt pse rdtscp sse2 sse3 sse4.1 sse4.2 ssse3 x2apic
C compiler:         /usr/bin/cc GNU 7.3.0
C compiler flags:    -msse2   -g -O2 -fdebug-prefix-map=/build/gromacs-Fqu8ou/gromacs-2018.1=. -fstack-protector-strong -Wformat -Werror=format-security -Wdate-time -D_FORTIFY_SOURCE=2  -O3 -DNDEBUG -funroll-all-loops -fexcess-precision=fast  
C++ compiler:       /usr/bin/c++ GNU 7.3.0
C++ compiler flags:  -msse2   -g -O2 -fdebug-prefix-map=/build/gromacs-Fqu8ou/gromacs-2018.1=. -fstack-protector-strong -Wformat -Werror=format-security -Wdate-time -D_FORTIFY_SOURCE=2 -std=c++11   -O3 -DNDEBUG -funroll-all-loops -fexcess-precision=fast  


Running on 1 node with total 2 cores, 4 logical cores
Hardware detected:
  CPU info:
    Vendor: Intel
    Brand:  Intel(R) Core(TM) m3-8100Y CPU @ 1.10GHz
    Family: 6   Model: 142   Stepping: 9
    Features: aes apic avx avx2 clfsh cmov cx8 cx16 f16c fma htt intel lahf mmx msr nonstop_tsc pcid pclmuldq pdcm pdpe1gb popcnt pse rdrnd rdtscp sse2 sse3 sse4.1 sse4.2 ssse3 tdt x2apic
  Hardware topology: Basic
    Sockets, cores, and logical processors:
      Socket  0: [   0   1] [   2   3]

Highest SIMD level requested by all nodes in run: AVX2_256
SIMD instructions selected at compile time:       SSE2
This program was compiled for different hardware than you are running on,
which could influence performance.
The current CPU can measure timings more accurately than the code in
gmx mdrun was configured to use. This might affect your simulation
speed as accurate timings are needed for load-balancing.
Please consider rebuilding gmx mdrun with the GMX_USE_RDTSCP=ON CMake option.

++++ PLEASE READ AND CITE THE FOLLOWING REFERENCE ++++
M. J. Abraham, T. Murtola, R. Schulz, S. Páll, J. C. Smith, B. Hess, E.
Lindahl
GROMACS: High performance molecular simulations through multi-level
parallelism from laptops to supercomputers
SoftwareX 1 (2015) pp. 19-25
-------- -------- --- Thank You --- -------- --------


++++ PLEASE READ AND CITE THE FOLLOWING REFERENCE ++++
S. Páll, M. J. Abraham, C. Kutzner, B. Hess, E. Lindahl
Tackling Exascale Software Challenges in Molecular Dynamics Simulations with
GROMACS
In S. Markidis & E. Laure (Eds.), Solving Software Challenges for Exascale 8759 (2015) pp. 3-27
-------- -------- --- Thank You --- -------- --------


++++ PLEASE READ AND CITE THE FOLLOWING REFERENCE ++++
S. Pronk, S. Páll, R. Schulz, P. Larsson, P. Bjelkmar, R. Apostolov, M. R.
Shirts, J. C. Smith, P. M. Kasson, D. van der Spoel, B. Hess, and E. Lindahl
GROMACS 4.5: a high-throughput and highly parallel open source molecular
simulation toolkit
Bioinformatics 29 (2013) pp. 845-54
-------- -------- --- Thank You --- -------- --------


++++ PLEASE READ AND CITE THE FOLLOWING REFERENCE ++++
B. Hess and C. Kutzner and D. van der Spoel and E. Lindahl
GROMACS 4: Algorithms for highly efficient, load-balanced, and scalable
molecular simulation
J. Chem. Theory Comput. 4 (2008) pp. 435-447
-------- -------- --- Thank You --- -------- --------


++++ PLEASE READ AND CITE THE FOLLOWING REFERENCE ++++
D. van der Spoel, E. Lindahl, B. Hess, G. Groenhof, A. E. Mark and H. J. C.
Berendsen
GROMACS: Fast, Flexible and Free
J. Comp. Chem. 26 (2005) pp. 1701-1719
-------- -------- --- Thank You --- -------- --------


++++ PLEASE READ AND CITE THE FOLLOWING REFERENCE ++++
E. Lindahl and B. Hess and D. van der Spoel
GROMACS 3.0: A package for molecular simulation and trajectory analysis
J. Mol. Mod. 7 (2001) pp. 306-317
-------- -------- --- Thank You --- -------- --------


++++ PLEASE READ AND CITE THE FOLLOWING REFERENCE ++++
H. J. C. Berendsen, D. van der Spoel and R. van Drunen
GROMACS: A message-passing parallel molecular dynamics implementation
Comp. Phys. Comm. 91 (1995) pp. 43-56
-------- -------- --- Thank You --- -------- --------

Input Parameters:
   integrator                     = md
   tinit                          = 0
   dt                             = 0.0005
   nsteps                         = 20000
   init-step                      = 0
   simulation-part                = 1
   comm-mode                      = Linear
   nstcomm                        = 100
   bd-fric                        = 0
   ld-seed                        = -1180350722
   emtol                          = 10
   emstep                         = 0.01
   niter                          = 20
   fcstep                         = 0
   nstcgsteep                     = 1000
   nbfgscorr                      = 10
   rtpi                           = 0.05
   nstxout                        = 0
   nstvout                        = 0
   nstfout                        = 0
   nstlog                         = 1000
   nstcalcenergy                  = 100
   nstenergy                      = 1000
   nstxout-compressed             = 10
   compressed-x-precision         = 1000
   cutoff-scheme                  = Group
   nstlist                        = 10
   ns-type                        = Grid
   pbc                            = no
   periodic-molecules             = false
   verlet-buffer-tolerance        = 0.005
   rlist                          = 1
   coulombtype                    = Cut-off
   coulomb-modifier               = None
   rcoulomb-switch                = 0
   rcoulomb                       = 1
   epsilon-r                      = 1
   epsilon-rf                     = inf
   vdw-type                       = Cut-off
   vdw-modifier                   = None
   rvdw-switch                    = 0
   rvdw                           = 1
   DispCorr                       = No
   table-extension                = 1
   fourierspacing                 = 0.12
   fourier-nx                     = 0
   fourier-ny                     = 0
   fourier-nz                     = 0
   pme-order                      = 4
   ewald-rtol                     = 1e-05
   ewald-rtol-lj                  = 0.001
   lj-pme-comb-rule               = Geometric
   ewald-geometry                 = 0
   epsilon-surface                = 0
   implicit-solvent               = No
   gb-algorithm                   = Still
   nstgbradii                     = 1
   rgbradii                       = 1
   gb-epsilon-solvent             = 80
   gb-saltconc                    = 0
   gb-obc-alpha                   = 1
   gb-obc-beta                    = 0.8
   gb-obc-gamma                   = 4.85
   gb-dielectric-offset           = 0.009
   sa-algorithm                   = Ace-approximation
   sa-surface-tension             = 2.05016
   tcoupl                         = V-rescale
   nsttcouple                     = 10
   nh-chain-length                = 0
   print-nose-hoover-chain-variables = false
   pcoupl                         = No
   pcoupltype                     = Isotropic
   nstpcouple                     = -1
   tau-p                          = 1
   compressibility (3x3):
      compressibility[    0]={ 0.00000e+00,  0.00000e+00,  0.00000e+00}
      compressibility[    1]={ 0.00000e+00,  0.00000e+00,  0.00000e+00}
      compressibility[    2]={ 0.00000e+00,  0.00000e+00,  0.00000e+00}
   ref-p (3x3):
      ref-p[    0]={ 0.00000e+00,  0.00000e+00,  0.00000e+00}
      ref-p[    1]={ 0.00000e+00,  0.00000e+00,  0.00000e+00}
      ref-p[    2]={ 0.00000e+00,  0.00000e+00,  0.00000e+00}
   refcoord-scaling               = No
   posres-com (3):
      posres-com[0]= 0.00000e+00
      posres-com[1]= 0.00000e+00
      posres-com[2]= 0.00000e+00
   posres-comB (3):
      posres-comB[0]= 0.00000e+00
      posres-comB[1]= 0.00000e+00
      posres-comB[2]= 0.00000e+00
   QMMM                           = false
   QMconstraints                  = 0
   QMMMscheme                     = 0
   MMChargeScaleFactor            = 1
qm-opts:
   ngQM                           = 0
   constraint-algorithm           = Lincs
   continuation                   = false
   Shake-SOR                      = false
   shake-tol                      = 0.0001
   lincs-order                    = 4
   lincs-iter                     = 1
   lincs-warnangle                = 30
   nwall                          = 0
   wall-type                      = 9-3
   wall-r-linpot                  = -1
   wall-atomtype[0]               = -1
   wall-atomtype[1]               = -1
   wall-density[0]                = 0
   wall-density[1]                = 0
   wall-ewald-zfac                = 3
   pull                           = false
   awh                            = false
   rotation                       = false
   interactiveMD                  = false
   disre                          = No
   disre-weighting                = Conservative
   disre-mixed                    = false
   dr-fc                          = 1000
   dr-tau                         = 0
   nstdisreout                    = 100
   orire-fc                       = 0
   orire-tau                      = 0
   nstorireout                    = 100
   free-energy                    = no
   cos-acceleration               = 0
   deform (3x3):
      deform[    0]={ 0.00000e+00,  0.00000e+00,  0.00000e+00}
      deform[    1]={ 0.00000e+00,  0.00000e+00,  0.00000e+00}
      deform[    2]={ 0.00000e+00,  0.00000e+00,  0.00000e+00}
   simulated-tempering            = false
   swapcoords                     = no
   userint1                       = 0
   userint2                       = 0
   userint3                       = 0
   userint4                       = 0
   userreal1                      = 0
   userreal2                      = 0
   userreal3                      = 0
   userreal4                      = 0
   applied-forces:
     electric-field:
       x:
         E0                       = 0
         omega                    = 0
         t0                       = 0
         sigma                    = 0
       y:
         E0                       = 0
         omega                    = 0
         t0                       = 0
         sigma                    = 0
       z:
         E0                       = 0
         omega                    = 0
         t0                       = 0
         sigma                    = 0
grpopts:
   nrdf:        1623
   ref-t:         300
   tau-t:        0.03
annealing:          No
annealing-npoints:           0
   acc:	           0           0           0
   nfreeze:           N           N           N
   energygrp-flags[  0]: 0


Initializing Domain Decomposition on 4 ranks
Dynamic load balancing: locked
Initial maximum inter charge-group distances:
    two-body bonded interactions: 0.481 nm, Bond, atoms 347 353
  multi-body bonded interactions: 0.481 nm, Angle, atoms 345 353
Minimum cell size due to bonded interactions: 0.529 nm
Scaling the initial minimum size with 1/0.8 (option -dds) = 1.25
Optimizing the DD grid for 4 cells with a minimum initial size of 0.661 nm
The maximum allowed number of cells is: X 28 Y 2 Z 2
Domain decomposition grid 4 x 1 x 1, separate PME ranks 0
Domain decomposition rank 0, coordinates 0 0 0

The initial number of communication pulses is: X 1
The initial domain decomposition cell size is: X 4.66 nm

The maximum allowed distance for charge groups involved in interactions is:
                 non-bonded interactions           1.000 nm
(the following are initial values, they could change due to box deformation)
            two-body bonded interactions  (-rdd)   1.000 nm
          multi-body bonded interactions  (-rdd)   0.393 nm

When dynamic load balancing gets turned on, these settings will change to:
The maximum number of communication pulses is: X 1
The minimum size for domain decomposition cells is 1.000 nm
The requested allowed shrink of DD cells (option -dds) is: 0.80
The allowed shrink of domain decomposition cells is: X 0.21
The maximum allowed distance for charge groups involved in interactions is:
                 non-bonded interactions           1.000 nm
            two-body bonded interactions  (-rdd)   1.000 nm
          multi-body bonded interactions  (-rdd)   1.000 nm


Using 4 MPI threads

Pinning threads with an auto-selected logical core stride of 1

NOTE: This file uses the deprecated 'group' cutoff_scheme. This will be
removed in a future release when 'verlet' supports all interaction forms.

System total charge: -0.007
Potential shift: LJ r^-12: 0.000e+00 r^-6: 0.000e+00, Coulomb -0e+00
Table routines are used for coulomb: false
Table routines are used for vdw:     false
Cut-off's:   NS: 1   Coulomb: 1   LJ: 1
Generated table with 1000 data points for 1-4 COUL.
Tabscale = 500 points/nm
Generated table with 1000 data points for 1-4 LJ6.
Tabscale = 500 points/nm
Generated table with 1000 data points for 1-4 LJ12.
Tabscale = 500 points/nm


Linking all bonded interactions to atoms

Intra-simulation communication will occur every 10 steps.
Center of mass motion removal mode is Linear
We have the following groups for center of mass motion removal:
  0:  rest

++++ PLEASE READ AND CITE THE FOLLOWING REFERENCE ++++
G. Bussi, D. Donadio and M. Parrinello
Canonical sampling through velocity rescaling
J. Chem. Phys. 126 (2007) pp. 014101
-------- -------- --- Thank You --- -------- --------

There are: 542 Atoms
Atom distribution over 4 domains: av 135 stddev 11 min 135 max 136
Grid: 7 x 2 x 2 cells
Initial temperature: 200.468 K

Started mdrun on rank 0 Tue Jan 25 15:01:01 2022
           Step           Time
              0        0.00000


   Energies (kJ/mol)
           Bond          Angle    Proper Dih.          LJ-14     Coulomb-14
    3.58367e+02    8.47456e+02    5.77772e+02    4.52246e+02    4.58787e+03
        LJ (SR)   Coulomb (SR)      Potential    Kinetic En.   Total Energy
   -3.00786e+02   -3.86463e+03    2.65830e+03    1.35575e+03    4.01405e+03
  Conserved En.    Temperature Pressure (bar)
    4.01405e+03    2.00936e+02    0.00000e+00

DD  step 9 load imb.: force 13.6%


step 20 Turning on dynamic load balancing, because the performance loss due to load imbalance is 2.1 %.

DD  step 999  vol min/aver 0.965  load imb.: force  4.4%

           Step           Time
           1000        0.50000

   Energies (kJ/mol)
           Bond          Angle    Proper Dih.          LJ-14     Coulomb-14
    4.58207e+02    9.80897e+02    5.47747e+02    4.87504e+02    4.64546e+03
        LJ (SR)   Coulomb (SR)      Potential    Kinetic En.   Total Energy
   -2.49274e+02   -3.87943e+03    2.99111e+03    2.04426e+03    5.03537e+03
  Conserved En.    Temperature Pressure (bar)
    4.01027e+03    3.02979e+02    0.00000e+00

DD  step 1999  vol min/aver 0.954  load imb.: force  4.1%

           Step           Time
           2000        1.00000

   Energies (kJ/mol)
           Bond          Angle    Proper Dih.          LJ-14     Coulomb-14
    5.03947e+02    1.06836e+03    5.56163e+02    4.76283e+02    4.64383e+03
        LJ (SR)   Coulomb (SR)      Potential    Kinetic En.   Total Energy
   -2.94668e+02   -3.85471e+03    3.09919e+03    2.05687e+03    5.15606e+03
  Conserved En.    Temperature Pressure (bar)
    4.01430e+03    3.04849e+02    0.00000e+00

DD  step 2999  vol min/aver 0.949  load imb.: force  3.0%

           Step           Time
           3000        1.50000

   Energies (kJ/mol)
           Bond          Angle    Proper Dih.          LJ-14     Coulomb-14
    5.30339e+02    1.03705e+03    5.21628e+02    4.75504e+02    4.60207e+03
        LJ (SR)   Coulomb (SR)      Potential    Kinetic En.   Total Energy
   -3.00326e+02   -3.84339e+03    3.02288e+03    2.00505e+03    5.02794e+03
  Conserved En.    Temperature Pressure (bar)
    4.01525e+03    2.97169e+02    0.00000e+00

DD  step 3999  vol min/aver 0.904  load imb.: force  8.7%

           Step           Time
           4000        2.00000

   Energies (kJ/mol)
           Bond          Angle    Proper Dih.          LJ-14     Coulomb-14
    5.14301e+02    1.05090e+03    5.27220e+02    4.78376e+02    4.67597e+03
        LJ (SR)   Coulomb (SR)      Potential    Kinetic En.   Total Energy
   -3.10257e+02   -3.90071e+03    3.03580e+03    1.97322e+03    5.00902e+03
  Conserved En.    Temperature Pressure (bar)
    4.01335e+03    2.92451e+02    0.00000e+00

DD  step 4999  vol min/aver 0.901  load imb.: force  4.9%

           Step           Time
           5000        2.50000

   Energies (kJ/mol)
           Bond          Angle    Proper Dih.          LJ-14     Coulomb-14
    5.54193e+02    9.42520e+02    5.46659e+02    4.73005e+02    4.66654e+03
        LJ (SR)   Coulomb (SR)      Potential    Kinetic En.   Total Energy
   -3.14083e+02   -3.90880e+03    2.96003e+03    1.96638e+03    4.92642e+03
  Conserved En.    Temperature Pressure (bar)
    4.01651e+03    2.91438e+02    0.00000e+00

DD  step 5999  vol min/aver 0.921  load imb.: force  4.4%

           Step           Time
           6000        3.00000

   Energies (kJ/mol)
           Bond          Angle    Proper Dih.          LJ-14     Coulomb-14
    5.64036e+02    1.06257e+03    5.07636e+02    4.74201e+02    4.64543e+03
        LJ (SR)   Coulomb (SR)      Potential    Kinetic En.   Total Energy
   -3.20144e+02   -3.89948e+03    3.03424e+03    1.98255e+03    5.01679e+03
  Conserved En.    Temperature Pressure (bar)
    4.01453e+03    2.93833e+02    0.00000e+00

DD  step 6999  vol min/aver 0.946  load imb.: force  4.3%

           Step           Time
           7000        3.50000

   Energies (kJ/mol)
           Bond          Angle    Proper Dih.          LJ-14     Coulomb-14
    5.17462e+02    1.13095e+03    5.12712e+02    5.40096e+02    4.67879e+03
        LJ (SR)   Coulomb (SR)      Potential    Kinetic En.   Total Energy
   -2.91963e+02   -3.92584e+03    3.16221e+03    1.98000e+03    5.14220e+03
  Conserved En.    Temperature Pressure (bar)
    4.01417e+03    2.93455e+02    0.00000e+00

DD  step 7999  vol min/aver 0.929  load imb.: force  1.8%

           Step           Time
           8000        4.00000

   Energies (kJ/mol)
           Bond          Angle    Proper Dih.          LJ-14     Coulomb-14
    5.82397e+02    1.05111e+03    5.80530e+02    4.84233e+02    4.66501e+03
        LJ (SR)   Coulomb (SR)      Potential    Kinetic En.   Total Energy
   -3.60505e+02   -3.91534e+03    3.08744e+03    1.87663e+03    4.96406e+03
  Conserved En.    Temperature Pressure (bar)
    4.01509e+03    2.78135e+02    0.00000e+00

DD  step 8999  vol min/aver 0.900  load imb.: force  3.3%

           Step           Time
           9000        4.50000

   Energies (kJ/mol)
           Bond          Angle    Proper Dih.          LJ-14     Coulomb-14
    5.98697e+02    1.00815e+03    5.56455e+02    4.66888e+02    4.72334e+03
        LJ (SR)   Coulomb (SR)      Potential    Kinetic En.   Total Energy
   -3.67499e+02   -3.94406e+03    3.04197e+03    2.04394e+03    5.08591e+03
  Conserved En.    Temperature Pressure (bar)
    4.01307e+03    3.02932e+02    0.00000e+00

DD  step 9999  vol min/aver 0.860  load imb.: force  1.3%

           Step           Time
          10000        5.00000

   Energies (kJ/mol)
           Bond          Angle    Proper Dih.          LJ-14     Coulomb-14
    5.79596e+02    1.01645e+03    4.84040e+02    4.80230e+02    4.65825e+03
        LJ (SR)   Coulomb (SR)      Potential    Kinetic En.   Total Energy
   -3.41808e+02   -3.90671e+03    2.97005e+03    2.02703e+03    4.99708e+03
  Conserved En.    Temperature Pressure (bar)
    4.01723e+03    3.00427e+02    0.00000e+00

DD  step 10999  vol min/aver 0.841  load imb.: force  9.2%

           Step           Time
          11000        5.50000

   Energies (kJ/mol)
           Bond          Angle    Proper Dih.          LJ-14     Coulomb-14
    5.88566e+02    1.01301e+03    4.95876e+02    5.12710e+02    4.69266e+03
        LJ (SR)   Coulomb (SR)      Potential    Kinetic En.   Total Energy
   -3.36449e+02   -3.95024e+03    3.01613e+03    1.85756e+03    4.87369e+03
  Conserved En.    Temperature Pressure (bar)
    4.01247e+03    2.75309e+02    0.00000e+00

DD  step 11999  vol min/aver 0.900  load imb.: force  1.3%

           Step           Time
          12000        6.00000

   Energies (kJ/mol)
           Bond          Angle    Proper Dih.          LJ-14     Coulomb-14
    5.49270e+02    1.00496e+03    5.14847e+02    5.26892e+02    4.72201e+03
        LJ (SR)   Coulomb (SR)      Potential    Kinetic En.   Total Energy
   -3.49241e+02   -3.97736e+03    2.99139e+03    2.09251e+03    5.08389e+03
  Conserved En.    Temperature Pressure (bar)
    4.01289e+03    3.10130e+02    0.00000e+00

DD  step 12999  vol min/aver 0.859  load imb.: force  3.8%

           Step           Time
          13000        6.50000

   Energies (kJ/mol)
           Bond          Angle    Proper Dih.          LJ-14     Coulomb-14
    6.28032e+02    1.00958e+03    5.13619e+02    4.53371e+02    4.69422e+03
        LJ (SR)   Coulomb (SR)      Potential    Kinetic En.   Total Energy
   -3.90832e+02   -3.95662e+03    2.95137e+03    1.96590e+03    4.91727e+03
  Conserved En.    Temperature Pressure (bar)
    4.01426e+03    2.91366e+02    0.00000e+00

DD  step 13999  vol min/aver 0.886  load imb.: force  3.3%

           Step           Time
          14000        7.00000

   Energies (kJ/mol)
           Bond          Angle    Proper Dih.          LJ-14     Coulomb-14
    7.45266e+02    1.06255e+03    5.48384e+02    4.80503e+02    4.72285e+03
        LJ (SR)   Coulomb (SR)      Potential    Kinetic En.   Total Energy
   -3.99941e+02   -3.97711e+03    3.18250e+03    1.99624e+03    5.17874e+03
  Conserved En.    Temperature Pressure (bar)
    4.02003e+03    2.95863e+02    0.00000e+00

DD  step 14999  vol min/aver 0.858  load imb.: force  2.7%

           Step           Time
          15000        7.50000

   Energies (kJ/mol)
           Bond          Angle    Proper Dih.          LJ-14     Coulomb-14
    6.29352e+02    1.13530e+03    5.11364e+02    4.57558e+02    4.68550e+03
        LJ (SR)   Coulomb (SR)      Potential    Kinetic En.   Total Energy
   -3.75834e+02   -3.95159e+03    3.09164e+03    1.88258e+03    4.97422e+03
  Conserved En.    Temperature Pressure (bar)
    4.01498e+03    2.79018e+02    0.00000e+00

DD  step 15999  vol min/aver 0.781  load imb.: force  9.8%

           Step           Time
          16000        8.00000

   Energies (kJ/mol)
           Bond          Angle    Proper Dih.          LJ-14     Coulomb-14
    6.49164e+02    1.04122e+03    5.11536e+02    4.63123e+02    4.69455e+03
        LJ (SR)   Coulomb (SR)      Potential    Kinetic En.   Total Energy
   -4.16681e+02   -3.94246e+03    3.00046e+03    2.06735e+03    5.06781e+03
  Conserved En.    Temperature Pressure (bar)
    4.01472e+03    3.06402e+02    0.00000e+00

DD  step 16999  vol min/aver 0.805  load imb.: force  1.3%

           Step           Time
          17000        8.50000

   Energies (kJ/mol)
           Bond          Angle    Proper Dih.          LJ-14     Coulomb-14
    6.80405e+02    1.05840e+03    4.99896e+02    4.85067e+02    4.68332e+03
        LJ (SR)   Coulomb (SR)      Potential    Kinetic En.   Total Energy
   -3.91214e+02   -3.96440e+03    3.05149e+03    1.91802e+03    4.96950e+03
  Conserved En.    Temperature Pressure (bar)
    4.01390e+03    2.84269e+02    0.00000e+00

DD  step 17999  vol min/aver 0.756  load imb.: force  6.6%

           Step           Time
          18000        9.00000

   Energies (kJ/mol)
           Bond          Angle    Proper Dih.          LJ-14     Coulomb-14
    6.69170e+02    9.88858e+02    5.15828e+02    4.79628e+02    4.72304e+03
        LJ (SR)   Coulomb (SR)      Potential    Kinetic En.   Total Energy
   -4.55315e+02   -3.98420e+03    2.93702e+03    2.03718e+03    4.97419e+03
  Conserved En.    Temperature Pressure (bar)
    4.01245e+03    3.01930e+02    0.00000e+00

DD  step 18999  vol min/aver 0.675  load imb.: force  6.8%

           Step           Time
          19000        9.50000

   Energies (kJ/mol)
           Bond          Angle    Proper Dih.          LJ-14     Coulomb-14
    6.55819e+02    1.02254e+03    5.32130e+02    4.78521e+02    4.74420e+03
        LJ (SR)   Coulomb (SR)      Potential    Kinetic En.   Total Energy
   -4.47388e+02   -3.98813e+03    2.99769e+03    1.99006e+03    4.98775e+03
  Conserved En.    Temperature Pressure (bar)
    4.01052e+03    2.94947e+02    0.00000e+00

DD  step 19999  vol min/aver 0.737  load imb.: force  7.8%

           Step           Time
          20000       10.00000

Writing checkpoint, step 20000 at Tue Jan 25 15:01:03 2022


   Energies (kJ/mol)
           Bond          Angle    Proper Dih.          LJ-14     Coulomb-14
    6.67285e+02    1.06006e+03    5.35121e+02    4.96119e+02    4.78479e+03
        LJ (SR)   Coulomb (SR)      Potential    Kinetic En.   Total Energy
   -4.54583e+02   -4.04590e+03    3.04290e+03    1.96835e+03    5.01124e+03
  Conserved En.    Temperature Pressure (bar)
    4.01425e+03    2.91729e+02    0.00000e+00

	<======  ###############  ==>
	<====  A V E R A G E S  ====>
	<==  ###############  ======>

	Statistics over 20001 steps using 201 frames

   Energies (kJ/mol)
           Bond          Angle    Proper Dih.          LJ-14     Coulomb-14
    5.93974e+02    1.02999e+03    5.29403e+02    4.90494e+02    4.68749e+03
        LJ (SR)   Coulomb (SR)      Potential    Kinetic En.   Total Energy
   -3.58447e+02   -3.93322e+03    3.03968e+03    2.02046e+03    5.06015e+03
  Conserved En.    Temperature Pressure (bar)
    4.01429e+03    2.99453e+02    0.00000e+00

   Total Virial (kJ/mol)
    8.90086e+02    9.48974e+00   -5.23850e+00
    9.48884e+00    6.58704e+02   -9.85745e+00
   -5.23813e+00   -9.85745e+00    6.78921e+02

   Pressure (bar)
    0.00000e+00    0.00000e+00    0.00000e+00
    0.00000e+00    0.00000e+00    0.00000e+00
    0.00000e+00    0.00000e+00    0.00000e+00


	M E G A - F L O P S   A C C O U N T I N G

 NB=Group-cutoff nonbonded kernels    NxN=N-by-N cluster Verlet kernels
 RF=Reaction-Field  VdW=Van der Waals  QSTab=quadratic-spline table
 W3=SPC/TIP3p  W4=TIP4p (single or pairs)
 V&F=Potential and force  V=Potential only  F=Force only

 Computing:                               M-Number         M-Flops  % Flops
-----------------------------------------------------------------------------
 NB Elec. [V&F]                           0.215584           0.216     0.0
 NB Elec. [F]                            20.417931          20.418     0.1
 NB VdW & Elec. [V&F]                   115.220029         115.220     0.7
 NB VdW & Elec. [F]                    9638.899008        9638.899    55.9
 1,4 nonbonded interactions              23.961198        2156.508    12.5
 NS-Pairs                                 0.691487          14.521     0.1
 Reset In Box                             0.120060           0.360     0.0
 CG-CoM                                   1.085084           3.255     0.0
 Bonds                                   10.820541         638.412     3.7
 Angles                                  19.200960        3225.761    18.7
 Propers                                  5.960298        1364.908     7.9
 Virial                                   0.145122           2.612     0.0
 Stop-CM                                  0.109484           1.095     0.0
 Calc-Ekin                                2.169084          58.565     0.3
-----------------------------------------------------------------------------
 Total                                                   17240.751   100.0
-----------------------------------------------------------------------------


    D O M A I N   D E C O M P O S I T I O N   S T A T I S T I C S

 av. #atoms communicated per step for force:  2 x 100.2


 Dynamic load balancing report:
 DLB was turned on during the run due to measured imbalance.
 Average load imbalance: 4.9%.
 The balanceable part of the MD step is 47%, load imbalance is computed from this.
 Part of the total run time spent waiting due to load imbalance: 2.3%.
 Steps where the load balancing was limited by -rdd, -rcon and/or -dds: X 0 %


     R E A L   C Y C L E   A N D   T I M E   A C C O U N T I N G

On 4 MPI ranks

 Computing:          Num   Num      Call    Wall time         Giga-Cycles
                     Ranks Threads  Count      (s)         total sum    %
-----------------------------------------------------------------------------
 Domain decomp.         4    1       2001       0.244          1.567   9.2
 DD comm. load          4    1       2000       0.009          0.058   0.3
 DD comm. bounds        4    1       1999       0.006          0.036   0.2
 Neighbor search        4    1       2001       0.115          0.741   4.4
 Comm. coord.           4    1      20001       0.114          0.734   4.3
 Force                  4    1      20001       1.363          8.766  51.6
 Wait + Comm. F         4    1      20001       0.151          0.972   5.7
 Write traj.            4    1       2001       0.119          0.762   4.5
 Update                 4    1      20001       0.124          0.800   4.7
 Comm. energies         4    1       2001       0.301          1.937  11.4
 Rest                                           0.097          0.623   3.7
-----------------------------------------------------------------------------
 Total                                          2.643         16.998 100.0
-----------------------------------------------------------------------------

NOTE: 11 % of the run time was spent communicating energies,
      you might want to use the -gcom option of mdrun

               Core t (s)   Wall t (s)        (%)
       Time:       10.570        2.643      400.0
                 (ns/day)    (hour/ns)
Performance:      326.967        0.073
Finished mdrun on rank 0 Tue Jan 25 15:01:04 2022
